<?xml version="1.0" encoding="UTF-8"?>
<testsuite xmlns:xsi="http://www.w3.org/2001/XMLSchema-instance" xsi:noNamespaceSchemaLocation="https://maven.apache.org/surefire/maven-surefire-plugin/xsd/surefire-test-report.xsd" name="com.example.AppTest" time="0.029" tests="1" errors="0" skipped="0" failures="0">
  <properties>
    <property name="java.specification.version" value="20"/>
    <property name="sun.cpu.isalist" value="amd64"/>
    <property name="sun.jnu.encoding" value="GBK"/>
    <property name="java.class.path" value="e:\MyCodes\Java\maven-project01\target\test-classes;e:\MyCodes\Java\maven-project01\target\classes;E:\MyCodes\Maven\apache-maven-3.9.5\mvn_repo\junit\junit\4.11\junit-4.11.jar;E:\MyCodes\Maven\apache-maven-3.9.5\mvn_repo\org\hamcrest\hamcrest-core\1.3\hamcrest-core-1.3.jar;E:\MyCodes\Maven\apache-maven-3.9.5\mvn_repo\ch\qos\logback\logback-classic\1.2.9\logback-classic-1.2.9.jar;E:\MyCodes\Maven\apache-maven-3.9.5\mvn_repo\ch\qos\logback\logback-core\1.2.9\logback-core-1.2.9.jar;E:\MyCodes\Maven\apache-maven-3.9.5\mvn_repo\org\slf4j\slf4j-api\1.7.32\slf4j-api-1.7.32.jar;"/>
    <property name="java.vm.vendor" value="Oracle Corporation"/>
    <property name="sun.arch.data.model" value="64"/>
    <property name="user.variant" value=""/>
    <property name="java.vendor.url" value="https://java.oracle.com/"/>
    <property name="user.timezone" value="GMT+08:00"/>
    <property name="os.name" value="Windows 11"/>
    <property name="java.vm.specification.version" value="20"/>
    <property name="sun.java.launcher" value="SUN_STANDARD"/>
    <property name="user.country" value="CN"/>
    <property name="sun.boot.library.path" value="E:\CodeEnvironment\Java_20\bin"/>
    <property name="sun.java.command" value="C:\Users\10078\AppData\Local\Temp\surefire12615494241916869840\surefirebooter11711107381854294289.jar C:\Users\10078\AppData\Local\Temp\surefire12615494241916869840 2023-11-05T18-48-20_202-jvmRun1 surefire1365598392514496174tmp surefire_06712477958317489002tmp"/>
    <property name="jdk.debug" value="release"/>
    <property name="surefire.test.class.path" value="e:\MyCodes\Java\maven-project01\target\test-classes;e:\MyCodes\Java\maven-project01\target\classes;E:\MyCodes\Maven\apache-maven-3.9.5\mvn_repo\junit\junit\4.11\junit-4.11.jar;E:\MyCodes\Maven\apache-maven-3.9.5\mvn_repo\org\hamcrest\hamcrest-core\1.3\hamcrest-core-1.3.jar;E:\MyCodes\Maven\apache-maven-3.9.5\mvn_repo\ch\qos\logback\logback-classic\1.2.9\logback-classic-1.2.9.jar;E:\MyCodes\Maven\apache-maven-3.9.5\mvn_repo\ch\qos\logback\logback-core\1.2.9\logback-core-1.2.9.jar;E:\MyCodes\Maven\apache-maven-3.9.5\mvn_repo\org\slf4j\slf4j-api\1.7.32\slf4j-api-1.7.32.jar;"/>
    <property name="sun.cpu.endian" value="little"/>
    <property name="user.home" value="C:\Users\10078"/>
    <property name="user.language" value="zh"/>
    <property name="java.specification.vendor" value="Oracle Corporation"/>
    <property name="java.version.date" value="2023-04-18"/>
    <property name="java.home" value="E:\CodeEnvironment\Java_20"/>
    <property name="file.separator" value="\"/>
    <property name="basedir" value="e:\MyCodes\Java\maven-project01"/>
    <property name="java.vm.compressedOopsMode" value="Zero based"/>
    <property name="line.separator" value="&#10;"/>
    <property name="java.vm.specification.vendor" value="Oracle Corporation"/>
    <property name="java.specification.name" value="Java Platform API Specification"/>
    <property name="surefire.real.class.path" value="C:\Users\10078\AppData\Local\Temp\surefire12615494241916869840\surefirebooter11711107381854294289.jar"/>
    <property name="user.script" value=""/>
    <property name="sun.management.compiler" value="HotSpot 64-Bit Tiered Compilers"/>
    <property name="java.runtime.version" value="20.0.1+9-29"/>
    <property name="user.name" value="10078"/>
    <property name="stdout.encoding" value="GBK"/>
    <property name="path.separator" value=";"/>
    <property name="os.version" value="10.0"/>
    <property name="java.runtime.name" value="Java(TM) SE Runtime Environment"/>
    <property name="file.encoding" value="UTF-8"/>
    <property name="archetypeCatalog" value="internal"/>
    <property name="java.vm.name" value="Java HotSpot(TM) 64-Bit Server VM"/>
    <property name="localRepository" value="E:\MyCodes\Maven\apache-maven-3.9.5\mvn_repo"/>
    <property name="java.vendor.url.bug" value="https://bugreport.java.com/bugreport/"/>
    <property name="java.io.tmpdir" value="C:\Users\10078\AppData\Local\Temp\"/>
    <property name="java.version" value="20.0.1"/>
    <property name="user.dir" value="e:\MyCodes\Java\maven-project01"/>
    <property name="os.arch" value="amd64"/>
    <property name="java.vm.specification.name" value="Java Virtual Machine Specification"/>
    <property name="sun.os.patch.level" value=""/>
    <property name="native.encoding" value="GBK"/>
    <property name="java.library.path" value="E:\CodeEnvironment\Java_20\bin;C:\windows\Sun\Java\bin;C:\windows\system32;C:\windows;C:\app\10078\product\11.2.0\dbhome_1\bin;E:\AppDate\VM\bin\;C:\Program Files\Common Files\Oracle\Java\javapath;C:\windows\system32;C:\windows;C:\windows\System32\Wbem;C:\windows\System32\WindowsPowerShell\v1.0\;C:\windows\System32\OpenSSH\;C:\Program Files (x86)\NVIDIA Corporation\PhysX\Common;C:\Program Files\NVIDIA Corporation\NVIDIA NvDLISR;C:\Users\Administrator\AppData\Local\Microsoft\WindowsApps;C:\Program Files\HP\OMEN-Broadcast\Common;C:\Program Files\dotnet\;C:\Program Files\Git\cmd;E:\CodeEnvironment\Java_20\bin;C:\Program Files (x86)\ZeroTier\One\;C:\Program Files\Microsoft SQL Server\150\Tools\Binn\;C:\Program Files\Microsoft SQL Server\Client SDK\ODBC\170\Tools\Binn\;C:\Program Files\nodejs\;E:\MyCodes\Maven\apache-maven-3.9.5\bin;C:\Users\10078\anaconda3;C:\Users\10078\anaconda3\Library\mingw-w64\bin;C:\Users\10078\anaconda3\Library\usr\bin;C:\Users\10078\anaconda3\Library\bin;C:\Users\10078\anaconda3\Scripts;C:\Program Files\MySQL\MySQL Shell 8.0\bin\;C:\Users\10078\AppData\Local\Microsoft\WindowsApps;C:\Users\10078\.dotnet\tools;C:\Users\10078\AppData\Local\Programs\Microsoft VS Code\bin;E:\CodeEnvironment\C\mingw64\bin;C:\Users\10078\AppData\Roaming\npm;."/>
    <property name="java.vm.info" value="mixed mode, sharing"/>
    <property name="stderr.encoding" value="GBK"/>
    <property name="java.vendor" value="Oracle Corporation"/>
    <property name="java.vm.version" value="20.0.1+9-29"/>
    <property name="sun.io.unicode.encoding" value="UnicodeLittle"/>
    <property name="java.class.version" value="64.0"/>
  </properties>
  <testcase name="shouldAnswerWithTrue" classname="com.example.AppTest" time="0.004"/>
</testsuite>